<?xml version="1.0" encoding="UTF-8"?><testsuite failures="0" name="cucumber.runtime.formatter.JUnitFormatter" skipped="0" tests="1" time="13.40493">
<testcase classname="tdata creation" name="Jbk Login Test Scenario" time="13.40493">
<system-out><![CDATA[Given User is already on login page.........................................passed
When title of login page is Admin LTE.......................................passed
Then User inputs username and password......................................passed
And User clicks login button................................................passed
And User is on Home page....................................................passed
Then User clicks Users......................................................passed
Then User clicks Add User...................................................passed
Then User enters detais.....................................................passed
]]></system-out>
</testcase>
</testsuite>
